<?xml version="1.0" encoding="UTF-8"?>
<testsuite name="dat250.AppTest" tests="2" skipped="0" failures="0" errors="0" timestamp="2023-08-28T09:52:51" hostname="pc227-197.eduroam.uib.no" time="0.021">
  <properties/>
  <testcase name="testConvertFeetToMeters()" classname="dat250.AppTest" time="0.019"/>
  <testcase name="testConvertInchesToMeters()" classname="dat250.AppTest" time="0.001"/>
  <system-out><![CDATA[]]></system-out>
  <system-err><![CDATA[]]></system-err>
</testsuite>
